#0 building with "default" instance using docker driver

#1 [internal] load build definition from Dockerfile
#1 transferring dockerfile: 546B done
#1 DONE 0.1s

#2 [internal] load metadata for docker.io/library/python:3.11-slim
#2 DONE 0.5s

#3 [internal] load .dockerignore
#3 transferring context: 2B done
#3 DONE 0.0s

#4 [internal] load build context
#4 transferring context: 693.21kB done
#4 DONE 0.0s

#5 [1/7] FROM docker.io/library/python:3.11-slim@sha256:92c262cbb2e99cdc16218338d74fbe518055c13d224d942708f70f8042ff6d18
#5 resolve docker.io/library/python:3.11-slim@sha256:92c262cbb2e99cdc16218338d74fbe518055c13d224d942708f70f8042ff6d18 0.0s done
#5 sha256:92c262cbb2e99cdc16218338d74fbe518055c13d224d942708f70f8042ff6d18 10.37kB / 10.37kB done
#5 sha256:ff71127c215572121f1991bacf17f39ec5fcfd2de1f1c01a595835495bb9adfc 1.75kB / 1.75kB done
#5 sha256:1eee6fcc4d866c86dd8e32a4a1a583767ddac0d640b0fe571b2c22d233b60eee 5.48kB / 5.48kB done
#5 sha256:3531af2bc2a9c8883754652783cf96207d53189db279c9637b7157d034de7ecd 3.15MB / 29.78MB 0.1s
#5 sha256:91ff8760033c3b9bc9c3a3bcc6ff66c113ec9e13f94fa2f12ae4b221aae996b9 0B / 1.29MB 0.1s
#5 sha256:f3ba2250c52436e41e9f2f3830af92de466fcacc2d848264e1f9fdc76975d803 0B / 14.37MB 0.1s
#5 sha256:3531af2bc2a9c8883754652783cf96207d53189db279c9637b7157d034de7ecd 17.83MB / 29.78MB 0.2s
#5 sha256:91ff8760033c3b9bc9c3a3bcc6ff66c113ec9e13f94fa2f12ae4b221aae996b9 1.29MB / 1.29MB 0.2s done
#5 sha256:f3ba2250c52436e41e9f2f3830af92de466fcacc2d848264e1f9fdc76975d803 12.58MB / 14.37MB 0.2s
#5 sha256:7ccd73948dde4b7f1623ac6bf9b58706fb83d0a363d765d7c799d46035ceb563 0B / 249B 0.2s
#5 sha256:3531af2bc2a9c8883754652783cf96207d53189db279c9637b7157d034de7ecd 28.31MB / 29.78MB 0.3s
#5 sha256:f3ba2250c52436e41e9f2f3830af92de466fcacc2d848264e1f9fdc76975d803 14.37MB / 14.37MB 0.2s done
#5 sha256:7ccd73948dde4b7f1623ac6bf9b58706fb83d0a363d765d7c799d46035ceb563 249B / 249B 0.3s done
#5 extracting sha256:3531af2bc2a9c8883754652783cf96207d53189db279c9637b7157d034de7ecd
#5 sha256:3531af2bc2a9c8883754652783cf96207d53189db279c9637b7157d034de7ecd 29.78MB / 29.78MB 0.3s done
#5 extracting sha256:3531af2bc2a9c8883754652783cf96207d53189db279c9637b7157d034de7ecd 1.2s done
#5 extracting sha256:91ff8760033c3b9bc9c3a3bcc6ff66c113ec9e13f94fa2f12ae4b221aae996b9 0.1s
#5 extracting sha256:91ff8760033c3b9bc9c3a3bcc6ff66c113ec9e13f94fa2f12ae4b221aae996b9 0.1s done
#5 extracting sha256:f3ba2250c52436e41e9f2f3830af92de466fcacc2d848264e1f9fdc76975d803 0.1s
#5 extracting sha256:f3ba2250c52436e41e9f2f3830af92de466fcacc2d848264e1f9fdc76975d803 0.9s done
#5 extracting sha256:7ccd73948dde4b7f1623ac6bf9b58706fb83d0a363d765d7c799d46035ceb563 done
#5 DONE 2.8s

#6 [2/7] WORKDIR /app
#6 DONE 0.2s

#7 [3/7] COPY backend/requirements.txt .
#7 DONE 0.0s

#8 [4/7] RUN pip install --no-cache-dir -r requirements.txt
#8 1.731 Collecting fastapi==0.115.6 (from -r requirements.txt (line 1))
#8 1.772   Downloading fastapi-0.115.6-py3-none-any.whl.metadata (27 kB)
#8 1.807 Collecting uvicorn==0.34.0 (from uvicorn[standard]==0.34.0->-r requirements.txt (line 2))
#8 1.818   Downloading uvicorn-0.34.0-py3-none-any.whl.metadata (6.5 kB)
#8 1.884 Collecting psycopg2-binary==2.9.10 (from -r requirements.txt (line 3))
#8 1.895   Downloading psycopg2_binary-2.9.10-cp311-cp311-manylinux_2_17_x86_64.manylinux2014_x86_64.whl.metadata (4.9 kB)
#8 2.319 Collecting boto3==1.35.86 (from -r requirements.txt (line 4))
#8 2.332   Downloading boto3-1.35.86-py3-none-any.whl.metadata (6.7 kB)
#8 2.440 Collecting pandas==2.2.3 (from -r requirements.txt (line 5))
#8 2.452   Downloading pandas-2.2.3-cp311-cp311-manylinux_2_17_x86_64.manylinux2014_x86_64.whl.metadata (89 kB)
#8 2.464      ━━━━━━━━━━━━━━━━━━━━━━━━━━━━━━━━━━━━━━━━ 89.9/89.9 kB 9.0 MB/s eta 0:00:00
#8 2.596 Collecting pydantic==2.10.3 (from -r requirements.txt (line 6))
#8 2.607   Downloading pydantic-2.10.3-py3-none-any.whl.metadata (172 kB)
#8 2.616      ━━━━━━━━━━━━━━━━━━━━━━━━━━━━━━━━━━━━━━ 172.0/172.0 kB 24.2 MB/s eta 0:00:00
#8 2.641 Collecting pydantic-settings==2.7.0 (from -r requirements.txt (line 7))
#8 2.652   Downloading pydantic_settings-2.7.0-py3-none-any.whl.metadata (3.5 kB)
#8 2.669 Collecting python-dotenv==1.0.1 (from -r requirements.txt (line 8))
#8 2.680   Downloading python_dotenv-1.0.1-py3-none-any.whl.metadata (23 kB)
#8 2.700 Collecting python-jose==3.3.0 (from python-jose[cryptography]==3.3.0->-r requirements.txt (line 9))
#8 2.711   Downloading python_jose-3.3.0-py2.py3-none-any.whl.metadata (5.4 kB)
#8 2.735 Collecting httpx==0.28.1 (from -r requirements.txt (line 10))
#8 2.746   Downloading httpx-0.28.1-py3-none-any.whl.metadata (7.1 kB)
#8 2.761 Collecting sqlparse==0.4.4 (from -r requirements.txt (line 11))
#8 2.772   Downloading sqlparse-0.4.4-py3-none-any.whl.metadata (4.0 kB)
#8 2.879 Collecting starlette<0.42.0,>=0.40.0 (from fastapi==0.115.6->-r requirements.txt (line 1))
#8 2.890   Downloading starlette-0.41.3-py3-none-any.whl.metadata (6.0 kB)
#8 2.952 Collecting typing-extensions>=4.8.0 (from fastapi==0.115.6->-r requirements.txt (line 1))
#8 2.963   Downloading typing_extensions-4.15.0-py3-none-any.whl.metadata (3.3 kB)
#8 2.994 Collecting click>=7.0 (from uvicorn==0.34.0->uvicorn[standard]==0.34.0->-r requirements.txt (line 2))
#8 3.004   Downloading click-8.3.3-py3-none-any.whl.metadata (2.6 kB)
#8 3.018 Collecting h11>=0.8 (from uvicorn==0.34.0->uvicorn[standard]==0.34.0->-r requirements.txt (line 2))
#8 3.029   Downloading h11-0.16.0-py3-none-any.whl.metadata (8.3 kB)
#8 3.481 Collecting botocore<1.36.0,>=1.35.86 (from boto3==1.35.86->-r requirements.txt (line 4))
#8 3.492   Downloading botocore-1.35.99-py3-none-any.whl.metadata (5.7 kB)
#8 3.505 Collecting jmespath<2.0.0,>=0.7.1 (from boto3==1.35.86->-r requirements.txt (line 4))
#8 3.516   Downloading jmespath-1.1.0-py3-none-any.whl.metadata (7.6 kB)
#8 3.536 Collecting s3transfer<0.11.0,>=0.10.0 (from boto3==1.35.86->-r requirements.txt (line 4))
#8 3.547   Downloading s3transfer-0.10.4-py3-none-any.whl.metadata (1.7 kB)
#8 3.849 Collecting numpy>=1.23.2 (from pandas==2.2.3->-r requirements.txt (line 5))
#8 3.860   Downloading numpy-2.4.4-cp311-cp311-manylinux_2_27_x86_64.manylinux_2_28_x86_64.whl.metadata (6.6 kB)
#8 3.878 Collecting python-dateutil>=2.8.2 (from pandas==2.2.3->-r requirements.txt (line 5))
#8 3.888   Downloading python_dateutil-2.9.0.post0-py2.py3-none-any.whl.metadata (8.4 kB)
#8 3.934 Collecting pytz>=2020.1 (from pandas==2.2.3->-r requirements.txt (line 5))
#8 3.945   Downloading pytz-2026.1.post1-py2.py3-none-any.whl.metadata (22 kB)
#8 3.962 Collecting tzdata>=2022.7 (from pandas==2.2.3->-r requirements.txt (line 5))
#8 3.974   Downloading tzdata-2026.1-py2.py3-none-any.whl.metadata (1.4 kB)
#8 3.993 Collecting annotated-types>=0.6.0 (from pydantic==2.10.3->-r requirements.txt (line 6))
#8 4.004   Downloading annotated_types-0.7.0-py3-none-any.whl.metadata (15 kB)
#8 4.830 Collecting pydantic-core==2.27.1 (from pydantic==2.10.3->-r requirements.txt (line 6))
#8 4.843   Downloading pydantic_core-2.27.1-cp311-cp311-manylinux_2_17_x86_64.manylinux2014_x86_64.whl.metadata (6.6 kB)
#8 4.897 Collecting ecdsa!=0.15 (from python-jose==3.3.0->python-jose[cryptography]==3.3.0->-r requirements.txt (line 9))
#8 4.908   Downloading ecdsa-0.19.2-py2.py3-none-any.whl.metadata (29 kB)
#8 4.924 Collecting rsa (from python-jose==3.3.0->python-jose[cryptography]==3.3.0->-r requirements.txt (line 9))
#8 4.935   Downloading rsa-4.9.1-py3-none-any.whl.metadata (5.6 kB)
#8 4.959 Collecting pyasn1 (from python-jose==3.3.0->python-jose[cryptography]==3.3.0->-r requirements.txt (line 9))
#8 4.970   Downloading pyasn1-0.6.3-py3-none-any.whl.metadata (8.4 kB)
#8 5.001 Collecting anyio (from httpx==0.28.1->-r requirements.txt (line 10))
#8 5.012   Downloading anyio-4.13.0-py3-none-any.whl.metadata (4.5 kB)
#8 5.033 Collecting certifi (from httpx==0.28.1->-r requirements.txt (line 10))
#8 5.044   Downloading certifi-2026.4.22-py3-none-any.whl.metadata (2.5 kB)
#8 5.066 Collecting httpcore==1.* (from httpx==0.28.1->-r requirements.txt (line 10))
#8 5.077   Downloading httpcore-1.0.9-py3-none-any.whl.metadata (21 kB)
#8 5.093 Collecting idna (from httpx==0.28.1->-r requirements.txt (line 10))
#8 5.103   Downloading idna-3.13-py3-none-any.whl.metadata (8.0 kB)
#8 5.305 Collecting cryptography>=3.4.0 (from python-jose[cryptography]==3.3.0->-r requirements.txt (line 9))
#8 5.316   Downloading cryptography-46.0.7-cp311-abi3-manylinux_2_34_x86_64.whl.metadata (5.7 kB)
#8 5.357 Collecting httptools>=0.6.3 (from uvicorn[standard]==0.34.0->-r requirements.txt (line 2))
#8 5.368   Downloading httptools-0.7.1-cp311-cp311-manylinux1_x86_64.manylinux_2_28_x86_64.manylinux_2_5_x86_64.whl.metadata (3.5 kB)
#8 5.406 Collecting pyyaml>=5.1 (from uvicorn[standard]==0.34.0->-r requirements.txt (line 2))
#8 5.418   Downloading pyyaml-6.0.3-cp311-cp311-manylinux2014_x86_64.manylinux_2_17_x86_64.manylinux_2_28_x86_64.whl.metadata (2.4 kB)
#8 5.460 Collecting uvloop!=0.15.0,!=0.15.1,>=0.14.0 (from uvicorn[standard]==0.34.0->-r requirements.txt (line 2))
#8 5.471   Downloading uvloop-0.22.1-cp311-cp311-manylinux2014_x86_64.manylinux_2_17_x86_64.manylinux_2_28_x86_64.whl.metadata (4.9 kB)
#8 5.543 Collecting watchfiles>=0.13 (from uvicorn[standard]==0.34.0->-r requirements.txt (line 2))
#8 5.554   Downloading watchfiles-1.1.1-cp311-cp311-manylinux_2_17_x86_64.manylinux2014_x86_64.whl.metadata (4.9 kB)
#8 5.774 Collecting websockets>=10.4 (from uvicorn[standard]==0.34.0->-r requirements.txt (line 2))
#8 5.784   Downloading websockets-16.0-cp311-cp311-manylinux1_x86_64.manylinux_2_28_x86_64.manylinux_2_5_x86_64.whl.metadata (6.8 kB)
#8 5.847 Collecting urllib3!=2.2.0,<3,>=1.25.4 (from botocore<1.36.0,>=1.35.86->boto3==1.35.86->-r requirements.txt (line 4))
#8 5.858   Downloading urllib3-2.6.3-py3-none-any.whl.metadata (6.9 kB)
#8 5.980 Collecting cffi>=2.0.0 (from cryptography>=3.4.0->python-jose[cryptography]==3.3.0->-r requirements.txt (line 9))
#8 5.991   Downloading cffi-2.0.0-cp311-cp311-manylinux2014_x86_64.manylinux_2_17_x86_64.whl.metadata (2.6 kB)
#8 6.011 Collecting six>=1.9.0 (from ecdsa!=0.15->python-jose==3.3.0->python-jose[cryptography]==3.3.0->-r requirements.txt (line 9))
#8 6.023   Downloading six-1.17.0-py2.py3-none-any.whl.metadata (1.7 kB)
#8 6.327 Collecting pycparser (from cffi>=2.0.0->cryptography>=3.4.0->python-jose[cryptography]==3.3.0->-r requirements.txt (line 9))
#8 6.337   Downloading pycparser-3.0-py3-none-any.whl.metadata (8.2 kB)
#8 6.375 Downloading fastapi-0.115.6-py3-none-any.whl (94 kB)
#8 6.378    ━━━━━━━━━━━━━━━━━━━━━━━━━━━━━━━━━━━━━━━━ 94.8/94.8 kB 402.0 MB/s eta 0:00:00
#8 6.389 Downloading uvicorn-0.34.0-py3-none-any.whl (62 kB)
#8 6.392    ━━━━━━━━━━━━━━━━━━━━━━━━━━━━━━━━━━━━━━━━ 62.3/62.3 kB 350.5 MB/s eta 0:00:00
#8 6.403 Downloading psycopg2_binary-2.9.10-cp311-cp311-manylinux_2_17_x86_64.manylinux2014_x86_64.whl (3.0 MB)
#8 6.432    ━━━━━━━━━━━━━━━━━━━━━━━━━━━━━━━━━━━━━━━━ 3.0/3.0 MB 110.6 MB/s eta 0:00:00
#8 6.444 Downloading boto3-1.35.86-py3-none-any.whl (139 kB)
#8 6.447    ━━━━━━━━━━━━━━━━━━━━━━━━━━━━━━━━━━━━━━━ 139.2/139.2 kB 348.5 MB/s eta 0:00:00
#8 6.458 Downloading pandas-2.2.3-cp311-cp311-manylinux_2_17_x86_64.manylinux2014_x86_64.whl (13.1 MB)
#8 6.506    ━━━━━━━━━━━━━━━━━━━━━━━━━━━━━━━━━━━━━━━━ 13.1/13.1 MB 275.9 MB/s eta 0:00:00
#8 6.516 Downloading pydantic-2.10.3-py3-none-any.whl (456 kB)
#8 6.520    ━━━━━━━━━━━━━━━━━━━━━━━━━━━━━━━━━━━━━━━ 457.0/457.0 kB 452.6 MB/s eta 0:00:00
#8 6.530 Downloading pydantic_settings-2.7.0-py3-none-any.whl (29 kB)
#8 6.542 Downloading python_dotenv-1.0.1-py3-none-any.whl (19 kB)
#8 6.553 Downloading python_jose-3.3.0-py2.py3-none-any.whl (33 kB)
#8 6.564 Downloading httpx-0.28.1-py3-none-any.whl (73 kB)
#8 6.566    ━━━━━━━━━━━━━━━━━━━━━━━━━━━━━━━━━━━━━━━━ 73.5/73.5 kB 405.9 MB/s eta 0:00:00
#8 6.577 Downloading sqlparse-0.4.4-py3-none-any.whl (41 kB)
#8 6.579    ━━━━━━━━━━━━━━━━━━━━━━━━━━━━━━━━━━━━━━━━ 41.2/41.2 kB 329.4 MB/s eta 0:00:00
#8 6.590 Downloading httpcore-1.0.9-py3-none-any.whl (78 kB)
#8 6.592    ━━━━━━━━━━━━━━━━━━━━━━━━━━━━━━━━━━━━━━━━ 78.8/78.8 kB 380.3 MB/s eta 0:00:00
#8 6.611 Downloading pydantic_core-2.27.1-cp311-cp311-manylinux_2_17_x86_64.manylinux2014_x86_64.whl (2.1 MB)
#8 6.620    ━━━━━━━━━━━━━━━━━━━━━━━━━━━━━━━━━━━━━━━━ 2.1/2.1 MB 320.3 MB/s eta 0:00:00
#8 6.630 Downloading annotated_types-0.7.0-py3-none-any.whl (13 kB)
#8 6.641 Downloading botocore-1.35.99-py3-none-any.whl (13.3 MB)
#8 6.689    ━━━━━━━━━━━━━━━━━━━━━━━━━━━━━━━━━━━━━━━━ 13.3/13.3 MB 272.8 MB/s eta 0:00:00
#8 6.700 Downloading click-8.3.3-py3-none-any.whl (110 kB)
#8 6.703    ━━━━━━━━━━━━━━━━━━━━━━━━━━━━━━━━━━━━━━━ 110.5/110.5 kB 321.6 MB/s eta 0:00:00
#8 6.717 Downloading cryptography-46.0.7-cp311-abi3-manylinux_2_34_x86_64.whl (4.5 MB)
#8 6.741    ━━━━━━━━━━━━━━━━━━━━━━━━━━━━━━━━━━━━━━━━ 4.5/4.5 MB 201.9 MB/s eta 0:00:00
#8 6.752 Downloading ecdsa-0.19.2-py2.py3-none-any.whl (150 kB)
#8 6.754    ━━━━━━━━━━━━━━━━━━━━━━━━━━━━━━━━━━━━━━━ 150.8/150.8 kB 472.0 MB/s eta 0:00:00
#8 6.765 Downloading h11-0.16.0-py3-none-any.whl (37 kB)
#8 6.776 Downloading httptools-0.7.1-cp311-cp311-manylinux1_x86_64.manylinux_2_28_x86_64.manylinux_2_5_x86_64.whl (456 kB)
#8 6.779    ━━━━━━━━━━━━━━━━━━━━━━━━━━━━━━━━━━━━━━━ 456.6/456.6 kB 411.0 MB/s eta 0:00:00
#8 6.790 Downloading jmespath-1.1.0-py3-none-any.whl (20 kB)
#8 6.801 Downloading numpy-2.4.4-cp311-cp311-manylinux_2_27_x86_64.manylinux_2_28_x86_64.whl (16.9 MB)
#8 6.855    ━━━━━━━━━━━━━━━━━━━━━━━━━━━━━━━━━━━━━━━━ 16.9/16.9 MB 320.7 MB/s eta 0:00:00
#8 6.866 Downloading python_dateutil-2.9.0.post0-py2.py3-none-any.whl (229 kB)
#8 6.868    ━━━━━━━━━━━━━━━━━━━━━━━━━━━━━━━━━━━━━━━ 229.9/229.9 kB 446.8 MB/s eta 0:00:00
#8 6.881 Downloading pytz-2026.1.post1-py2.py3-none-any.whl (510 kB)
#8 6.884    ━━━━━━━━━━━━━━━━━━━━━━━━━━━━━━━━━━━━━━━ 510.5/510.5 kB 446.7 MB/s eta 0:00:00
#8 6.895 Downloading pyyaml-6.0.3-cp311-cp311-manylinux2014_x86_64.manylinux_2_17_x86_64.manylinux_2_28_x86_64.whl (806 kB)
#8 6.899    ━━━━━━━━━━━━━━━━━━━━━━━━━━━━━━━━━━━━━━━ 806.6/806.6 kB 527.0 MB/s eta 0:00:00
#8 6.910 Downloading s3transfer-0.10.4-py3-none-any.whl (83 kB)
#8 6.912    ━━━━━━━━━━━━━━━━━━━━━━━━━━━━━━━━━━━━━━━━ 83.2/83.2 kB 365.2 MB/s eta 0:00:00
#8 6.923 Downloading starlette-0.41.3-py3-none-any.whl (73 kB)
#8 6.926    ━━━━━━━━━━━━━━━━━━━━━━━━━━━━━━━━━━━━━━━━ 73.2/73.2 kB 260.8 MB/s eta 0:00:00
#8 6.937 Downloading anyio-4.13.0-py3-none-any.whl (114 kB)
#8 6.940    ━━━━━━━━━━━━━━━━━━━━━━━━━━━━━━━━━━━━━━━ 114.4/114.4 kB 435.2 MB/s eta 0:00:00
#8 6.951 Downloading idna-3.13-py3-none-any.whl (68 kB)
#8 6.953    ━━━━━━━━━━━━━━━━━━━━━━━━━━━━━━━━━━━━━━━━ 68.6/68.6 kB 355.8 MB/s eta 0:00:00
#8 6.963 Downloading typing_extensions-4.15.0-py3-none-any.whl (44 kB)
#8 6.966    ━━━━━━━━━━━━━━━━━━━━━━━━━━━━━━━━━━━━━━━━ 44.6/44.6 kB 156.8 MB/s eta 0:00:00
#8 6.978 Downloading tzdata-2026.1-py2.py3-none-any.whl (348 kB)
#8 6.980    ━━━━━━━━━━━━━━━━━━━━━━━━━━━━━━━━━━━━━━━ 349.0/349.0 kB 456.9 MB/s eta 0:00:00
#8 6.991 Downloading uvloop-0.22.1-cp311-cp311-manylinux2014_x86_64.manylinux_2_17_x86_64.manylinux_2_28_x86_64.whl (3.8 MB)
#8 7.004    ━━━━━━━━━━━━━━━━━━━━━━━━━━━━━━━━━━━━━━━━ 3.8/3.8 MB 368.8 MB/s eta 0:00:00
#8 7.016 Downloading watchfiles-1.1.1-cp311-cp311-manylinux_2_17_x86_64.manylinux2014_x86_64.whl (456 kB)
#8 7.019    ━━━━━━━━━━━━━━━━━━━━━━━━━━━━━━━━━━━━━━━ 456.1/456.1 kB 356.6 MB/s eta 0:00:00
#8 7.030 Downloading websockets-16.0-cp311-cp311-manylinux1_x86_64.manylinux_2_28_x86_64.manylinux_2_5_x86_64.whl (184 kB)
#8 7.033    ━━━━━━━━━━━━━━━━━━━━━━━━━━━━━━━━━━━━━━━ 184.6/184.6 kB 418.3 MB/s eta 0:00:00
#8 7.043 Downloading certifi-2026.4.22-py3-none-any.whl (135 kB)
#8 7.046    ━━━━━━━━━━━━━━━━━━━━━━━━━━━━━━━━━━━━━━━ 135.7/135.7 kB 451.3 MB/s eta 0:00:00
#8 7.057 Downloading pyasn1-0.6.3-py3-none-any.whl (83 kB)
#8 7.059    ━━━━━━━━━━━━━━━━━━━━━━━━━━━━━━━━━━━━━━━━ 84.0/84.0 kB 401.3 MB/s eta 0:00:00
#8 7.070 Downloading rsa-4.9.1-py3-none-any.whl (34 kB)
#8 7.081 Downloading cffi-2.0.0-cp311-cp311-manylinux2014_x86_64.manylinux_2_17_x86_64.whl (215 kB)
#8 7.083    ━━━━━━━━━━━━━━━━━━━━━━━━━━━━━━━━━━━━━━━ 215.6/215.6 kB 409.5 MB/s eta 0:00:00
#8 7.095 Downloading six-1.17.0-py2.py3-none-any.whl (11 kB)
#8 7.106 Downloading urllib3-2.6.3-py3-none-any.whl (131 kB)
#8 7.108    ━━━━━━━━━━━━━━━━━━━━━━━━━━━━━━━━━━━━━━━ 131.6/131.6 kB 464.1 MB/s eta 0:00:00
#8 7.119 Downloading pycparser-3.0-py3-none-any.whl (48 kB)
#8 7.120    ━━━━━━━━━━━━━━━━━━━━━━━━━━━━━━━━━━━━━━━━ 48.2/48.2 kB 346.2 MB/s eta 0:00:00
#8 7.435 Installing collected packages: pytz, websockets, uvloop, urllib3, tzdata, typing-extensions, sqlparse, six, pyyaml, python-dotenv, pycparser, pyasn1, psycopg2-binary, numpy, jmespath, idna, httptools, h11, click, certifi, annotated-types, uvicorn, rsa, python-dateutil, pydantic-core, httpcore, ecdsa, cffi, anyio, watchfiles, starlette, python-jose, pydantic, pandas, httpx, cryptography, botocore, s3transfer, pydantic-settings, fastapi, boto3
#8 15.31 Successfully installed annotated-types-0.7.0 anyio-4.13.0 boto3-1.35.86 botocore-1.35.99 certifi-2026.4.22 cffi-2.0.0 click-8.3.3 cryptography-46.0.7 ecdsa-0.19.2 fastapi-0.115.6 h11-0.16.0 httpcore-1.0.9 httptools-0.7.1 httpx-0.28.1 idna-3.13 jmespath-1.1.0 numpy-2.4.4 pandas-2.2.3 psycopg2-binary-2.9.10 pyasn1-0.6.3 pycparser-3.0 pydantic-2.10.3 pydantic-core-2.27.1 pydantic-settings-2.7.0 python-dateutil-2.9.0.post0 python-dotenv-1.0.1 python-jose-3.3.0 pytz-2026.1.post1 pyyaml-6.0.3 rsa-4.9.1 s3transfer-0.10.4 six-1.17.0 sqlparse-0.4.4 starlette-0.41.3 typing-extensions-4.15.0 tzdata-2026.1 urllib3-2.6.3 uvicorn-0.34.0 uvloop-0.22.1 watchfiles-1.1.1 websockets-16.0
#8 15.31 WARNING: Running pip as the 'root' user can result in broken permissions and conflicting behaviour with the system package manager. It is recommended to use a virtual environment instead: https://pip.pypa.io/warnings/venv
#8 15.37 
#8 15.37 [notice] A new release of pip is available: 24.0 -> 26.0.1
#8 15.37 [notice] To update, run: pip install --upgrade pip
#8 DONE 17.6s

#9 [5/7] COPY sql-migration-optimizer/src/ /app/optimizer_engine/
#9 DONE 0.0s

#10 [6/7] COPY backend/ /app/
#10 DONE 0.0s

#11 [7/7] COPY mock-workload/ /app/mock-workload/
#11 DONE 0.0s

#12 exporting to image
#12 exporting layers
#12 exporting layers 1.2s done
#12 writing image sha256:fdf0722a7bfec1550b21a82a3978195bee84ecee5c9d5a324915c3dc69326723 done
#12 naming to docker.io/library/rgs-lastmile-v1 done
#12 DONE 1.2s
The push refers to repository [925712757492.dkr.ecr.us-east-1.amazonaws.com/rgs-lastmile-v1]
aa0732bbee63: Preparing
e6c515fcee1f: Preparing
d626a4c6d4c5: Preparing
18bd88058a6d: Preparing
a437a2d63627: Preparing
08d242866ab9: Preparing
2360b28b4660: Preparing
248c30140986: Preparing
fa1aec823035: Preparing
6d7c150df58d: Preparing
2360b28b4660: Waiting
248c30140986: Waiting
fa1aec823035: Waiting
6d7c150df58d: Waiting
08d242866ab9: Waiting
a437a2d63627: Pushed
e6c515fcee1f: Pushed
aa0732bbee63: Pushed
d626a4c6d4c5: Pushed
08d242866ab9: Pushed
2360b28b4660: Pushed
fa1aec823035: Pushed
248c30140986: Pushed
6d7c150df58d: Pushed
18bd88058a6d: Pushed
latest: digest: sha256:84be7da8a9ea0aab67c55dfd19899f034c4dd3bc07bb8ace289d775366e30633 size: 2411
